have_library: checking for socket() in -lsocket... -------------------- no

"/usr/bin/gcc -o conftest -I. -I/home/scoutdb/.rbenv/versions/1.8.7-p375/lib/ruby/1.8/x86_64-linux -I. -I/home/scoutdb/.rbenv/versions/1.8.7-p375/include   -I/home/scoutdb/.rbenv/versions/1.8.7-p375/include  -g -O2   conftest.c  -L. -L/home/scoutdb/.rbenv/versions/1.8.7-p375/lib -Wl,-R/home/scoutdb/.rbenv/versions/1.8.7-p375/lib -L/home/scoutdb/.rbenv/versions/1.8.7-p375/lib -Wl,-R/home/scoutdb/.rbenv/versions/1.8.7-p375/lib -L. -L/home/scoutdb/.rbenv/versions/1.8.7-p375/lib  -rdynamic -Wl,-export-dynamic     -lruby-static -lsocket  -lrt -ldl -lcrypt -lm   -lc"
conftest.c: In function ‘t’:
conftest.c:3:53: error: ‘socket’ undeclared (first use in this function)
 int t() { void ((*volatile p)()); p = (void ((*)()))socket; return 0; }
                                                     ^
conftest.c:3:53: note: each undeclared identifier is reported only once for each function it appears in
checked program was:
/* begin */
1: /*top*/
2: int main() { return 0; }
3: int t() { void ((*volatile p)()); p = (void ((*)()))socket; return 0; }
/* end */

"/usr/bin/gcc -o conftest -I. -I/home/scoutdb/.rbenv/versions/1.8.7-p375/lib/ruby/1.8/x86_64-linux -I. -I/home/scoutdb/.rbenv/versions/1.8.7-p375/include   -I/home/scoutdb/.rbenv/versions/1.8.7-p375/include  -g -O2   conftest.c  -L. -L/home/scoutdb/.rbenv/versions/1.8.7-p375/lib -Wl,-R/home/scoutdb/.rbenv/versions/1.8.7-p375/lib -L/home/scoutdb/.rbenv/versions/1.8.7-p375/lib -Wl,-R/home/scoutdb/.rbenv/versions/1.8.7-p375/lib -L. -L/home/scoutdb/.rbenv/versions/1.8.7-p375/lib  -rdynamic -Wl,-export-dynamic     -lruby-static -lsocket  -lrt -ldl -lcrypt -lm   -lc"
/usr/bin/ld: cannot find -lsocket
collect2: error: ld returned 1 exit status
checked program was:
/* begin */
1: /*top*/
2: int main() { return 0; }
3: int t() { socket(); return 0; }
/* end */

--------------------

have_library: checking for gethostbyname() in -lnsl... -------------------- yes

"/usr/bin/gcc -o conftest -I. -I/home/scoutdb/.rbenv/versions/1.8.7-p375/lib/ruby/1.8/x86_64-linux -I. -I/home/scoutdb/.rbenv/versions/1.8.7-p375/include   -I/home/scoutdb/.rbenv/versions/1.8.7-p375/include  -g -O2   conftest.c  -L. -L/home/scoutdb/.rbenv/versions/1.8.7-p375/lib -Wl,-R/home/scoutdb/.rbenv/versions/1.8.7-p375/lib -L/home/scoutdb/.rbenv/versions/1.8.7-p375/lib -Wl,-R/home/scoutdb/.rbenv/versions/1.8.7-p375/lib -L. -L/home/scoutdb/.rbenv/versions/1.8.7-p375/lib  -rdynamic -Wl,-export-dynamic     -lruby-static -lnsl  -lrt -ldl -lcrypt -lm   -lc"
conftest.c: In function ‘t’:
conftest.c:3:53: error: ‘gethostbyname’ undeclared (first use in this function)
 int t() { void ((*volatile p)()); p = (void ((*)()))gethostbyname; return 0; }
                                                     ^
conftest.c:3:53: note: each undeclared identifier is reported only once for each function it appears in
checked program was:
/* begin */
1: /*top*/
2: int main() { return 0; }
3: int t() { void ((*volatile p)()); p = (void ((*)()))gethostbyname; return 0; }
/* end */

"/usr/bin/gcc -o conftest -I. -I/home/scoutdb/.rbenv/versions/1.8.7-p375/lib/ruby/1.8/x86_64-linux -I. -I/home/scoutdb/.rbenv/versions/1.8.7-p375/include   -I/home/scoutdb/.rbenv/versions/1.8.7-p375/include  -g -O2   conftest.c  -L. -L/home/scoutdb/.rbenv/versions/1.8.7-p375/lib -Wl,-R/home/scoutdb/.rbenv/versions/1.8.7-p375/lib -L/home/scoutdb/.rbenv/versions/1.8.7-p375/lib -Wl,-R/home/scoutdb/.rbenv/versions/1.8.7-p375/lib -L. -L/home/scoutdb/.rbenv/versions/1.8.7-p375/lib  -rdynamic -Wl,-export-dynamic     -lruby-static -lnsl  -lrt -ldl -lcrypt -lm   -lc"
checked program was:
/* begin */
1: /*top*/
2: int main() { return 0; }
3: int t() { gethostbyname(); return 0; }
/* end */

--------------------

have_library: checking for atan() in -lm... -------------------- no

"/usr/bin/gcc -o conftest -I. -I/home/scoutdb/.rbenv/versions/1.8.7-p375/lib/ruby/1.8/x86_64-linux -I. -I/home/scoutdb/.rbenv/versions/1.8.7-p375/include   -I/home/scoutdb/.rbenv/versions/1.8.7-p375/include  -g -O2   conftest.c  -L. -L/home/scoutdb/.rbenv/versions/1.8.7-p375/lib -Wl,-R/home/scoutdb/.rbenv/versions/1.8.7-p375/lib -L/home/scoutdb/.rbenv/versions/1.8.7-p375/lib -Wl,-R/home/scoutdb/.rbenv/versions/1.8.7-p375/lib -L. -L/home/scoutdb/.rbenv/versions/1.8.7-p375/lib  -rdynamic -Wl,-export-dynamic    -lnsl  -lruby-static -lm -lnsl  -lrt -ldl -lcrypt -lm   -lc"
conftest.c: In function ‘t’:
conftest.c:3:53: error: ‘atan’ undeclared (first use in this function)
 int t() { void ((*volatile p)()); p = (void ((*)()))atan; return 0; }
                                                     ^
conftest.c:3:53: note: each undeclared identifier is reported only once for each function it appears in
checked program was:
/* begin */
1: /*top*/
2: int main() { return 0; }
3: int t() { void ((*volatile p)()); p = (void ((*)()))atan; return 0; }
/* end */

"/usr/bin/gcc -o conftest -I. -I/home/scoutdb/.rbenv/versions/1.8.7-p375/lib/ruby/1.8/x86_64-linux -I. -I/home/scoutdb/.rbenv/versions/1.8.7-p375/include   -I/home/scoutdb/.rbenv/versions/1.8.7-p375/include  -g -O2   conftest.c  -L. -L/home/scoutdb/.rbenv/versions/1.8.7-p375/lib -Wl,-R/home/scoutdb/.rbenv/versions/1.8.7-p375/lib -L/home/scoutdb/.rbenv/versions/1.8.7-p375/lib -Wl,-R/home/scoutdb/.rbenv/versions/1.8.7-p375/lib -L. -L/home/scoutdb/.rbenv/versions/1.8.7-p375/lib  -rdynamic -Wl,-export-dynamic    -lnsl  -lruby-static -lm -lnsl  -lrt -ldl -lcrypt -lm   -lc"
conftest.c: In function ‘t’:
conftest.c:3:11: warning: incompatible implicit declaration of built-in function ‘atan’ [enabled by default]
 int t() { atan(); return 0; }
           ^
conftest.c:3:1: error: too few arguments to function ‘atan’
 int t() { atan(); return 0; }
 ^
checked program was:
/* begin */
1: /*top*/
2: int main() { return 0; }
3: int t() { atan(); return 0; }
/* end */

--------------------

have_library: checking for atan() in -lm... -------------------- yes

"/usr/bin/gcc -o conftest -I. -I/home/scoutdb/.rbenv/versions/1.8.7-p375/lib/ruby/1.8/x86_64-linux -I. -I/home/scoutdb/.rbenv/versions/1.8.7-p375/include   -I/home/scoutdb/.rbenv/versions/1.8.7-p375/include  -g -O2   -fno-builtin conftest.c  -L. -L/home/scoutdb/.rbenv/versions/1.8.7-p375/lib -Wl,-R/home/scoutdb/.rbenv/versions/1.8.7-p375/lib -L/home/scoutdb/.rbenv/versions/1.8.7-p375/lib -Wl,-R/home/scoutdb/.rbenv/versions/1.8.7-p375/lib -L. -L/home/scoutdb/.rbenv/versions/1.8.7-p375/lib  -rdynamic -Wl,-export-dynamic    -lnsl  -lruby-static -lm -lnsl  -lrt -ldl -lcrypt -lm   -lc"
conftest.c: In function ‘t’:
conftest.c:3:53: error: ‘atan’ undeclared (first use in this function)
 int t() { void ((*volatile p)()); p = (void ((*)()))atan; return 0; }
                                                     ^
conftest.c:3:53: note: each undeclared identifier is reported only once for each function it appears in
checked program was:
/* begin */
1: /*top*/
2: int main() { return 0; }
3: int t() { void ((*volatile p)()); p = (void ((*)()))atan; return 0; }
/* end */

"/usr/bin/gcc -o conftest -I. -I/home/scoutdb/.rbenv/versions/1.8.7-p375/lib/ruby/1.8/x86_64-linux -I. -I/home/scoutdb/.rbenv/versions/1.8.7-p375/include   -I/home/scoutdb/.rbenv/versions/1.8.7-p375/include  -g -O2   -fno-builtin conftest.c  -L. -L/home/scoutdb/.rbenv/versions/1.8.7-p375/lib -Wl,-R/home/scoutdb/.rbenv/versions/1.8.7-p375/lib -L/home/scoutdb/.rbenv/versions/1.8.7-p375/lib -Wl,-R/home/scoutdb/.rbenv/versions/1.8.7-p375/lib -L. -L/home/scoutdb/.rbenv/versions/1.8.7-p375/lib  -rdynamic -Wl,-export-dynamic    -lnsl  -lruby-static -lm -lnsl  -lrt -ldl -lcrypt -lm   -lc"
checked program was:
/* begin */
1: /*top*/
2: int main() { return 0; }
3: int t() { atan(); return 0; }
/* end */

--------------------

have_library: checking for inflate() in -lz... -------------------- yes

"/usr/bin/gcc -o conftest -I. -I/home/scoutdb/.rbenv/versions/1.8.7-p375/lib/ruby/1.8/x86_64-linux -I. -I/home/scoutdb/.rbenv/versions/1.8.7-p375/include   -I/home/scoutdb/.rbenv/versions/1.8.7-p375/include  -g -O2   conftest.c  -L. -L/home/scoutdb/.rbenv/versions/1.8.7-p375/lib -Wl,-R/home/scoutdb/.rbenv/versions/1.8.7-p375/lib -L/home/scoutdb/.rbenv/versions/1.8.7-p375/lib -Wl,-R/home/scoutdb/.rbenv/versions/1.8.7-p375/lib -L. -L/home/scoutdb/.rbenv/versions/1.8.7-p375/lib  -rdynamic -Wl,-export-dynamic    -lm -lnsl  -lruby-static -lz -lm -lnsl  -lrt -ldl -lcrypt -lm   -lc"
conftest.c: In function ‘t’:
conftest.c:3:53: error: ‘inflate’ undeclared (first use in this function)
 int t() { void ((*volatile p)()); p = (void ((*)()))inflate; return 0; }
                                                     ^
conftest.c:3:53: note: each undeclared identifier is reported only once for each function it appears in
checked program was:
/* begin */
1: /*top*/
2: int main() { return 0; }
3: int t() { void ((*volatile p)()); p = (void ((*)()))inflate; return 0; }
/* end */

"/usr/bin/gcc -o conftest -I. -I/home/scoutdb/.rbenv/versions/1.8.7-p375/lib/ruby/1.8/x86_64-linux -I. -I/home/scoutdb/.rbenv/versions/1.8.7-p375/include   -I/home/scoutdb/.rbenv/versions/1.8.7-p375/include  -g -O2   conftest.c  -L. -L/home/scoutdb/.rbenv/versions/1.8.7-p375/lib -Wl,-R/home/scoutdb/.rbenv/versions/1.8.7-p375/lib -L/home/scoutdb/.rbenv/versions/1.8.7-p375/lib -Wl,-R/home/scoutdb/.rbenv/versions/1.8.7-p375/lib -L. -L/home/scoutdb/.rbenv/versions/1.8.7-p375/lib  -rdynamic -Wl,-export-dynamic    -lm -lnsl  -lruby-static -lz -lm -lnsl  -lrt -ldl -lcrypt -lm   -lc"
checked program was:
/* begin */
1: /*top*/
2: int main() { return 0; }
3: int t() { inflate(); return 0; }
/* end */

--------------------

have_library: checking for iconv_open() in -liconv... -------------------- no

"/usr/bin/gcc -o conftest -I. -I/home/scoutdb/.rbenv/versions/1.8.7-p375/lib/ruby/1.8/x86_64-linux -I. -I/home/scoutdb/.rbenv/versions/1.8.7-p375/include   -I/home/scoutdb/.rbenv/versions/1.8.7-p375/include  -g -O2   conftest.c  -L. -L/home/scoutdb/.rbenv/versions/1.8.7-p375/lib -Wl,-R/home/scoutdb/.rbenv/versions/1.8.7-p375/lib -L/home/scoutdb/.rbenv/versions/1.8.7-p375/lib -Wl,-R/home/scoutdb/.rbenv/versions/1.8.7-p375/lib -L. -L/home/scoutdb/.rbenv/versions/1.8.7-p375/lib  -rdynamic -Wl,-export-dynamic    -lz -lm -lnsl  -lruby-static -liconv -lz -lm -lnsl  -lrt -ldl -lcrypt -lm   -lc"
conftest.c: In function ‘t’:
conftest.c:3:53: error: ‘iconv_open’ undeclared (first use in this function)
 int t() { void ((*volatile p)()); p = (void ((*)()))iconv_open; return 0; }
                                                     ^
conftest.c:3:53: note: each undeclared identifier is reported only once for each function it appears in
checked program was:
/* begin */
1: /*top*/
2: int main() { return 0; }
3: int t() { void ((*volatile p)()); p = (void ((*)()))iconv_open; return 0; }
/* end */

"/usr/bin/gcc -o conftest -I. -I/home/scoutdb/.rbenv/versions/1.8.7-p375/lib/ruby/1.8/x86_64-linux -I. -I/home/scoutdb/.rbenv/versions/1.8.7-p375/include   -I/home/scoutdb/.rbenv/versions/1.8.7-p375/include  -g -O2   conftest.c  -L. -L/home/scoutdb/.rbenv/versions/1.8.7-p375/lib -Wl,-R/home/scoutdb/.rbenv/versions/1.8.7-p375/lib -L/home/scoutdb/.rbenv/versions/1.8.7-p375/lib -Wl,-R/home/scoutdb/.rbenv/versions/1.8.7-p375/lib -L. -L/home/scoutdb/.rbenv/versions/1.8.7-p375/lib  -rdynamic -Wl,-export-dynamic    -lz -lm -lnsl  -lruby-static -liconv -lz -lm -lnsl  -lrt -ldl -lcrypt -lm   -lc"
/usr/bin/ld: cannot find -liconv
collect2: error: ld returned 1 exit status
checked program was:
/* begin */
1: /*top*/
2: int main() { return 0; }
3: int t() { iconv_open(); return 0; }
/* end */

--------------------

have_library: checking for libiconv_open() in -liconv... -------------------- no

"/usr/bin/gcc -o conftest -I. -I/home/scoutdb/.rbenv/versions/1.8.7-p375/lib/ruby/1.8/x86_64-linux -I. -I/home/scoutdb/.rbenv/versions/1.8.7-p375/include   -I/home/scoutdb/.rbenv/versions/1.8.7-p375/include  -g -O2   conftest.c  -L. -L/home/scoutdb/.rbenv/versions/1.8.7-p375/lib -Wl,-R/home/scoutdb/.rbenv/versions/1.8.7-p375/lib -L/home/scoutdb/.rbenv/versions/1.8.7-p375/lib -Wl,-R/home/scoutdb/.rbenv/versions/1.8.7-p375/lib -L. -L/home/scoutdb/.rbenv/versions/1.8.7-p375/lib  -rdynamic -Wl,-export-dynamic    -lz -lm -lnsl  -lruby-static -liconv -lz -lm -lnsl  -lrt -ldl -lcrypt -lm   -lc"
conftest.c: In function ‘t’:
conftest.c:3:53: error: ‘libiconv_open’ undeclared (first use in this function)
 int t() { void ((*volatile p)()); p = (void ((*)()))libiconv_open; return 0; }
                                                     ^
conftest.c:3:53: note: each undeclared identifier is reported only once for each function it appears in
checked program was:
/* begin */
1: /*top*/
2: int main() { return 0; }
3: int t() { void ((*volatile p)()); p = (void ((*)()))libiconv_open; return 0; }
/* end */

"/usr/bin/gcc -o conftest -I. -I/home/scoutdb/.rbenv/versions/1.8.7-p375/lib/ruby/1.8/x86_64-linux -I. -I/home/scoutdb/.rbenv/versions/1.8.7-p375/include   -I/home/scoutdb/.rbenv/versions/1.8.7-p375/include  -g -O2   conftest.c  -L. -L/home/scoutdb/.rbenv/versions/1.8.7-p375/lib -Wl,-R/home/scoutdb/.rbenv/versions/1.8.7-p375/lib -L/home/scoutdb/.rbenv/versions/1.8.7-p375/lib -Wl,-R/home/scoutdb/.rbenv/versions/1.8.7-p375/lib -L. -L/home/scoutdb/.rbenv/versions/1.8.7-p375/lib  -rdynamic -Wl,-export-dynamic    -lz -lm -lnsl  -lruby-static -liconv -lz -lm -lnsl  -lrt -ldl -lcrypt -lm   -lc"
/usr/bin/ld: cannot find -liconv
collect2: error: ld returned 1 exit status
checked program was:
/* begin */
1: /*top*/
2: int main() { return 0; }
3: int t() { libiconv_open(); return 0; }
/* end */

--------------------

have_library: checking for libiconv_open() in -llibiconv... -------------------- no

"/usr/bin/gcc -o conftest -I. -I/home/scoutdb/.rbenv/versions/1.8.7-p375/lib/ruby/1.8/x86_64-linux -I. -I/home/scoutdb/.rbenv/versions/1.8.7-p375/include   -I/home/scoutdb/.rbenv/versions/1.8.7-p375/include  -g -O2   conftest.c  -L. -L/home/scoutdb/.rbenv/versions/1.8.7-p375/lib -Wl,-R/home/scoutdb/.rbenv/versions/1.8.7-p375/lib -L/home/scoutdb/.rbenv/versions/1.8.7-p375/lib -Wl,-R/home/scoutdb/.rbenv/versions/1.8.7-p375/lib -L. -L/home/scoutdb/.rbenv/versions/1.8.7-p375/lib  -rdynamic -Wl,-export-dynamic    -lz -lm -lnsl  -lruby-static -llibiconv -lz -lm -lnsl  -lrt -ldl -lcrypt -lm   -lc"
conftest.c: In function ‘t’:
conftest.c:3:53: error: ‘libiconv_open’ undeclared (first use in this function)
 int t() { void ((*volatile p)()); p = (void ((*)()))libiconv_open; return 0; }
                                                     ^
conftest.c:3:53: note: each undeclared identifier is reported only once for each function it appears in
checked program was:
/* begin */
1: /*top*/
2: int main() { return 0; }
3: int t() { void ((*volatile p)()); p = (void ((*)()))libiconv_open; return 0; }
/* end */

"/usr/bin/gcc -o conftest -I. -I/home/scoutdb/.rbenv/versions/1.8.7-p375/lib/ruby/1.8/x86_64-linux -I. -I/home/scoutdb/.rbenv/versions/1.8.7-p375/include   -I/home/scoutdb/.rbenv/versions/1.8.7-p375/include  -g -O2   conftest.c  -L. -L/home/scoutdb/.rbenv/versions/1.8.7-p375/lib -Wl,-R/home/scoutdb/.rbenv/versions/1.8.7-p375/lib -L/home/scoutdb/.rbenv/versions/1.8.7-p375/lib -Wl,-R/home/scoutdb/.rbenv/versions/1.8.7-p375/lib -L. -L/home/scoutdb/.rbenv/versions/1.8.7-p375/lib  -rdynamic -Wl,-export-dynamic    -lz -lm -lnsl  -lruby-static -llibiconv -lz -lm -lnsl  -lrt -ldl -lcrypt -lm   -lc"
/usr/bin/ld: cannot find -llibiconv
collect2: error: ld returned 1 exit status
checked program was:
/* begin */
1: /*top*/
2: int main() { return 0; }
3: int t() { libiconv_open(); return 0; }
/* end */

--------------------

have_library: checking for iconv_open() in -llibiconv... -------------------- no

"/usr/bin/gcc -o conftest -I. -I/home/scoutdb/.rbenv/versions/1.8.7-p375/lib/ruby/1.8/x86_64-linux -I. -I/home/scoutdb/.rbenv/versions/1.8.7-p375/include   -I/home/scoutdb/.rbenv/versions/1.8.7-p375/include  -g -O2   conftest.c  -L. -L/home/scoutdb/.rbenv/versions/1.8.7-p375/lib -Wl,-R/home/scoutdb/.rbenv/versions/1.8.7-p375/lib -L/home/scoutdb/.rbenv/versions/1.8.7-p375/lib -Wl,-R/home/scoutdb/.rbenv/versions/1.8.7-p375/lib -L. -L/home/scoutdb/.rbenv/versions/1.8.7-p375/lib  -rdynamic -Wl,-export-dynamic    -lz -lm -lnsl  -lruby-static -llibiconv -lz -lm -lnsl  -lrt -ldl -lcrypt -lm   -lc"
conftest.c: In function ‘t’:
conftest.c:3:53: error: ‘iconv_open’ undeclared (first use in this function)
 int t() { void ((*volatile p)()); p = (void ((*)()))iconv_open; return 0; }
                                                     ^
conftest.c:3:53: note: each undeclared identifier is reported only once for each function it appears in
checked program was:
/* begin */
1: /*top*/
2: int main() { return 0; }
3: int t() { void ((*volatile p)()); p = (void ((*)()))iconv_open; return 0; }
/* end */

"/usr/bin/gcc -o conftest -I. -I/home/scoutdb/.rbenv/versions/1.8.7-p375/lib/ruby/1.8/x86_64-linux -I. -I/home/scoutdb/.rbenv/versions/1.8.7-p375/include   -I/home/scoutdb/.rbenv/versions/1.8.7-p375/include  -g -O2   conftest.c  -L. -L/home/scoutdb/.rbenv/versions/1.8.7-p375/lib -Wl,-R/home/scoutdb/.rbenv/versions/1.8.7-p375/lib -L/home/scoutdb/.rbenv/versions/1.8.7-p375/lib -Wl,-R/home/scoutdb/.rbenv/versions/1.8.7-p375/lib -L. -L/home/scoutdb/.rbenv/versions/1.8.7-p375/lib  -rdynamic -Wl,-export-dynamic    -lz -lm -lnsl  -lruby-static -llibiconv -lz -lm -lnsl  -lrt -ldl -lcrypt -lm   -lc"
/usr/bin/ld: cannot find -llibiconv
collect2: error: ld returned 1 exit status
checked program was:
/* begin */
1: /*top*/
2: int main() { return 0; }
3: int t() { iconv_open(); return 0; }
/* end */

--------------------

have_library: checking for iconv_open() in -lc... -------------------- yes

"/usr/bin/gcc -o conftest -I. -I/home/scoutdb/.rbenv/versions/1.8.7-p375/lib/ruby/1.8/x86_64-linux -I. -I/home/scoutdb/.rbenv/versions/1.8.7-p375/include   -I/home/scoutdb/.rbenv/versions/1.8.7-p375/include  -g -O2   conftest.c  -L. -L/home/scoutdb/.rbenv/versions/1.8.7-p375/lib -Wl,-R/home/scoutdb/.rbenv/versions/1.8.7-p375/lib -L/home/scoutdb/.rbenv/versions/1.8.7-p375/lib -Wl,-R/home/scoutdb/.rbenv/versions/1.8.7-p375/lib -L. -L/home/scoutdb/.rbenv/versions/1.8.7-p375/lib  -rdynamic -Wl,-export-dynamic    -lz -lm -lnsl  -lruby-static -lc -lz -lm -lnsl  -lrt -ldl -lcrypt -lm   -lc"
conftest.c: In function ‘t’:
conftest.c:3:53: error: ‘iconv_open’ undeclared (first use in this function)
 int t() { void ((*volatile p)()); p = (void ((*)()))iconv_open; return 0; }
                                                     ^
conftest.c:3:53: note: each undeclared identifier is reported only once for each function it appears in
checked program was:
/* begin */
1: /*top*/
2: int main() { return 0; }
3: int t() { void ((*volatile p)()); p = (void ((*)()))iconv_open; return 0; }
/* end */

"/usr/bin/gcc -o conftest -I. -I/home/scoutdb/.rbenv/versions/1.8.7-p375/lib/ruby/1.8/x86_64-linux -I. -I/home/scoutdb/.rbenv/versions/1.8.7-p375/include   -I/home/scoutdb/.rbenv/versions/1.8.7-p375/include  -g -O2   conftest.c  -L. -L/home/scoutdb/.rbenv/versions/1.8.7-p375/lib -Wl,-R/home/scoutdb/.rbenv/versions/1.8.7-p375/lib -L/home/scoutdb/.rbenv/versions/1.8.7-p375/lib -Wl,-R/home/scoutdb/.rbenv/versions/1.8.7-p375/lib -L. -L/home/scoutdb/.rbenv/versions/1.8.7-p375/lib  -rdynamic -Wl,-export-dynamic    -lz -lm -lnsl  -lruby-static -lc -lz -lm -lnsl  -lrt -ldl -lcrypt -lm   -lc"
checked program was:
/* begin */
1: /*top*/
2: int main() { return 0; }
3: int t() { iconv_open(); return 0; }
/* end */

--------------------

have_library: checking for xmlParseDoc() in -lxml2... -------------------- yes

"/usr/bin/gcc -o conftest -I. -I/home/scoutdb/.rbenv/versions/1.8.7-p375/lib/ruby/1.8/x86_64-linux -I. -I/home/scoutdb/.rbenv/versions/1.8.7-p375/include   -I/home/scoutdb/.rbenv/versions/1.8.7-p375/include  -g -O2   conftest.c  -L. -L/home/scoutdb/.rbenv/versions/1.8.7-p375/lib -Wl,-R/home/scoutdb/.rbenv/versions/1.8.7-p375/lib -L/home/scoutdb/.rbenv/versions/1.8.7-p375/lib -Wl,-R/home/scoutdb/.rbenv/versions/1.8.7-p375/lib -L. -L/home/scoutdb/.rbenv/versions/1.8.7-p375/lib  -rdynamic -Wl,-export-dynamic    -lc -lz -lm -lnsl  -lruby-static -lxml2 -lc -lz -lm -lnsl  -lrt -ldl -lcrypt -lm   -lc"
conftest.c: In function ‘t’:
conftest.c:3:53: error: ‘xmlParseDoc’ undeclared (first use in this function)
 int t() { void ((*volatile p)()); p = (void ((*)()))xmlParseDoc; return 0; }
                                                     ^
conftest.c:3:53: note: each undeclared identifier is reported only once for each function it appears in
checked program was:
/* begin */
1: /*top*/
2: int main() { return 0; }
3: int t() { void ((*volatile p)()); p = (void ((*)()))xmlParseDoc; return 0; }
/* end */

"/usr/bin/gcc -o conftest -I. -I/home/scoutdb/.rbenv/versions/1.8.7-p375/lib/ruby/1.8/x86_64-linux -I. -I/home/scoutdb/.rbenv/versions/1.8.7-p375/include   -I/home/scoutdb/.rbenv/versions/1.8.7-p375/include  -g -O2   conftest.c  -L. -L/home/scoutdb/.rbenv/versions/1.8.7-p375/lib -Wl,-R/home/scoutdb/.rbenv/versions/1.8.7-p375/lib -L/home/scoutdb/.rbenv/versions/1.8.7-p375/lib -Wl,-R/home/scoutdb/.rbenv/versions/1.8.7-p375/lib -L. -L/home/scoutdb/.rbenv/versions/1.8.7-p375/lib  -rdynamic -Wl,-export-dynamic    -lc -lz -lm -lnsl  -lruby-static -lxml2 -lc -lz -lm -lnsl  -lrt -ldl -lcrypt -lm   -lc"
checked program was:
/* begin */
1: /*top*/
2: int main() { return 0; }
3: int t() { xmlParseDoc(); return 0; }
/* end */

--------------------

have_header: checking for libxml/xmlversion.h... -------------------- no

"/usr/bin/gcc -E -I. -I/home/scoutdb/.rbenv/versions/1.8.7-p375/lib/ruby/1.8/x86_64-linux -I. -I/home/scoutdb/.rbenv/versions/1.8.7-p375/include   -I/home/scoutdb/.rbenv/versions/1.8.7-p375/include  -g -O2    conftest.c -o conftest.i"
conftest.c:1:31: fatal error: libxml/xmlversion.h: No such file or directory
 #include <libxml/xmlversion.h>
                               ^
compilation terminated.
checked program was:
/* begin */
1: #include <libxml/xmlversion.h>
/* end */

--------------------

find_header: checking for libxml/xmlversion.h in /opt/include/libxml2,/usr/local/include/libxml2,/usr/include/libxml2... -------------------- yes

"/usr/bin/gcc -E -I. -I/home/scoutdb/.rbenv/versions/1.8.7-p375/lib/ruby/1.8/x86_64-linux -I. -I/home/scoutdb/.rbenv/versions/1.8.7-p375/include   -I/home/scoutdb/.rbenv/versions/1.8.7-p375/include  -g -O2    conftest.c -o conftest.i"
conftest.c:1:31: fatal error: libxml/xmlversion.h: No such file or directory
 #include <libxml/xmlversion.h>
                               ^
compilation terminated.
checked program was:
/* begin */
1: #include <libxml/xmlversion.h>
/* end */

"/usr/bin/gcc -E -I. -I/home/scoutdb/.rbenv/versions/1.8.7-p375/lib/ruby/1.8/x86_64-linux -I. -I/home/scoutdb/.rbenv/versions/1.8.7-p375/include   -I/home/scoutdb/.rbenv/versions/1.8.7-p375/include  -g -O2   -I/opt/include/libxml2 conftest.c -o conftest.i"
conftest.c:1:31: fatal error: libxml/xmlversion.h: No such file or directory
 #include <libxml/xmlversion.h>
                               ^
compilation terminated.
checked program was:
/* begin */
1: #include <libxml/xmlversion.h>
/* end */

"/usr/bin/gcc -E -I. -I/home/scoutdb/.rbenv/versions/1.8.7-p375/lib/ruby/1.8/x86_64-linux -I. -I/home/scoutdb/.rbenv/versions/1.8.7-p375/include   -I/home/scoutdb/.rbenv/versions/1.8.7-p375/include  -g -O2   -I/usr/local/include/libxml2 conftest.c -o conftest.i"
conftest.c:1:31: fatal error: libxml/xmlversion.h: No such file or directory
 #include <libxml/xmlversion.h>
                               ^
compilation terminated.
checked program was:
/* begin */
1: #include <libxml/xmlversion.h>
/* end */

"/usr/bin/gcc -E -I. -I/home/scoutdb/.rbenv/versions/1.8.7-p375/lib/ruby/1.8/x86_64-linux -I. -I/home/scoutdb/.rbenv/versions/1.8.7-p375/include   -I/home/scoutdb/.rbenv/versions/1.8.7-p375/include  -g -O2   -I/usr/include/libxml2 conftest.c -o conftest.i"
checked program was:
/* begin */
1: #include <libxml/xmlversion.h>
/* end */

--------------------

